[2019-11-20 12:10:08] accounts.INFO: {Application started} [] []
[2019-11-20 12:10:23] accounts.INFO: {"account creation attempt":{"accountNumber":0}} [] []
[2019-11-20 12:10:28] accounts.INFO: {"account managing":"5dd52d2d77316"} [] []
[2019-11-20 12:10:31] accounts.INFO: {"Deposit funds accID":"5dd52d2d77316"} [] []
[2019-11-20 12:10:39] accounts.INFO: {"Display balance accID":"5dd52d2d77316"} [] []
[2019-11-20 12:10:42] accounts.INFO: {"Withdraw Funds accID":"5dd52d2d77316"} [] []
[2019-11-20 12:13:23] accounts.INFO: {Application started} [] []
[2019-11-20 12:13:26] accounts.INFO: {"account managing":"5dd52d2d77316"} [] []
[2019-11-20 12:13:29] accounts.INFO: {"Deposit funds accID":"5dd52d2d77316"} [] []
[2019-11-20 12:14:15] accounts.INFO: {Application started} [] []
[2019-11-20 12:14:18] accounts.INFO: {"account managing":"5dd52d2d77316"} [] []
[2019-11-20 12:14:20] accounts.INFO: {"Deposit funds accID":"5dd52d2d77316"} [] []
[2019-11-20 12:14:34] accounts.INFO: {"Withdraw Funds accID":"5dd52d2d77316"} [] []
[2019-11-20 12:15:55] accounts.INFO: {"Withdraw Funds accID":"5dd52d2d77316"} [] []
[2019-11-20 12:16:34] accounts.INFO: {"Withdraw Funds accID":"5dd52d2d77316"} [] []
[2019-11-20 12:16:46] accounts.INFO: {Application started} [] []
[2019-11-20 12:16:51] accounts.INFO: {"account managing":"5dd52d2d77316"} [] []
[2019-11-20 12:16:54] accounts.INFO: {"Withdraw Funds accID":"5dd52d2d77316"} [] []
[2019-11-20 12:17:03] accounts.INFO: {"Withdraw Funds accID":"5dd52d2d77316"} [] []
[2019-11-20 12:20:00] accounts.INFO: {"Display balance accID":"5dd52d2d77316"} [] []
[2019-11-20 12:20:05] accounts.INFO: {"Deposit funds accID":"5dd52d2d77316"} [] []
[2019-11-20 12:20:12] accounts.INFO: {"Deposit funds accID":"5dd52d2d77316"} [] []
[2019-11-20 12:20:16] accounts.INFO: {"Display balance accID":"5dd52d2d77316"} [] []
[2019-11-20 12:20:24] accounts.INFO: {"Withdraw Funds accID":"5dd52d2d77316"} [] []
[2019-11-20 12:20:31] accounts.INFO: {"Withdraw Funds accID":"5dd52d2d77316"} [] []
[2019-11-20 12:20:40] accounts.INFO: {"Deposit funds accID":"5dd52d2d77316"} [] []
[2019-11-20 12:20:45] accounts.INFO: {"Withdraw Funds accID":"5dd52d2d77316"} [] []
[2019-11-20 12:21:11] accounts.INFO: {Application started} [] []
[2019-11-20 12:21:15] accounts.INFO: {"account managing":"5dd52d2d77316"} [] []
[2019-11-20 12:21:17] accounts.INFO: {"Display balance accID":"5dd52d2d77316"} [] []
[2019-11-20 12:21:20] accounts.INFO: {"Deposit funds accID":"5dd52d2d77316"} [] []
[2019-11-20 12:21:35] accounts.INFO: {"Withdraw Funds accID":"5dd52d2d77316"} [] []
[2019-11-20 12:21:43] accounts.INFO: {"Withdraw Funds accID":"5dd52d2d77316"} [] []
[2019-11-20 12:21:47] accounts.INFO: {"Deposit funds accID":"5dd52d2d77316"} [] []
[2019-11-20 12:21:52] accounts.INFO: {"Withdraw Funds accID":"5dd52d2d77316"} [] []
[2019-11-20 12:23:52] accounts.INFO: {Application started} [] []
[2019-11-20 12:23:56] accounts.INFO: {"account managing":"5dd52d2d77316"} [] []
[2019-11-20 12:23:58] accounts.INFO: {"Display balance accID":"5dd52d2d77316"} [] []
[2019-11-20 12:24:02] accounts.INFO: {"Deposit funds accID":"5dd52d2d77316"} [] []
[2019-11-20 12:24:05] accounts.INFO: {"Deposit funds accID":"5dd52d2d77316"} [] []
[2019-11-20 12:24:14] accounts.INFO: {"Withdraw Funds accID":"5dd52d2d77316"} [] []
[2019-11-20 12:24:24] accounts.INFO: {"Display balance accID":"5dd52d2d77316"} [] []
[2019-11-20 12:24:32] accounts.INFO: {"account managing":"5dd52d2d77316"} [] []
[2019-11-20 12:24:35] accounts.INFO: {"Withdraw Funds accID":"5dd52d2d77316"} [] []
[2019-11-20 12:26:28] accounts.INFO: {Application started} [] []
[2019-11-20 12:26:31] accounts.INFO: {"account managing":"5dd52d2d77316"} [] []
[2019-11-20 12:26:33] accounts.INFO: {"Display balance accID":"5dd52d2d77316"} [] []
[2019-11-20 12:26:38] accounts.INFO: {"Deposit funds accID":"5dd52d2d77316"} [] []
[2019-11-20 12:26:47] accounts.INFO: {"Withdraw Funds accID":"5dd52d2d77316"} [] []
[2019-11-20 12:30:28] accounts.INFO: {Application started} [] []
[2019-11-20 12:30:31] accounts.INFO: {"account managing":"5dd52d2d77316"} [] []
[2019-11-20 12:30:35] accounts.INFO: {"Display balance accID":"5dd52d2d77316"} [] []
[2019-11-20 12:30:37] accounts.INFO: {"Deposit funds accID":"5dd52d2d77316"} [] []
[2019-11-20 12:30:48] accounts.INFO: {"Display balance accID":"5dd52d2d77316"} [] []
[2019-11-20 12:30:51] accounts.INFO: {"Deposit funds accID":"5dd52d2d77316"} [] []
[2019-11-20 12:30:59] accounts.INFO: {"Withdraw Funds accID":"5dd52d2d77316"} [] []
[2019-11-20 12:31:10] accounts.INFO: {"Withdraw Funds accID":"5dd52d2d77316"} [] []
[2019-11-20 12:31:16] accounts.INFO: {"Withdraw Funds accID":"5dd52d2d77316"} [] []
[2019-11-20 12:33:44] accounts.INFO: {Application started} [] []
[2019-11-20 12:33:49] accounts.INFO: {"account managing":"5dd52d2d77316"} [] []
[2019-11-20 12:33:51] accounts.INFO: {"Display balance accID":"5dd52d2d77316"} [] []
[2019-11-20 12:33:55] accounts.INFO: {"Withdraw Funds accID":"5dd52d2d77316"} [] []
[2019-11-20 12:37:00] accounts.INFO: {Application started} [] []
[2019-11-20 12:37:05] accounts.INFO: {"account managing":"5dd52d2d77316"} [] []
[2019-11-20 12:37:06] accounts.INFO: {"Display balance accID":"5dd52d2d77316"} [] []
[2019-11-20 12:37:09] accounts.INFO: {"Deposit funds accID":"5dd52d2d77316"} [] []
[2019-11-20 12:37:30] accounts.INFO: {"Display balance accID":"5dd52d2d77316"} [] []
[2019-11-20 12:37:34] accounts.INFO: {"Withdraw Funds accID":"5dd52d2d77316"} [] []
[2019-11-20 12:37:39] accounts.INFO: {"Withdraw Funds accID":"5dd52d2d77316"} [] []
[2019-11-20 12:37:45] accounts.INFO: {"Withdraw Funds accID":"5dd52d2d77316"} [] []
[2019-11-20 12:37:49] accounts.INFO: {"Deposit funds accID":"5dd52d2d77316"} [] []
[2019-11-20 12:37:53] accounts.INFO: {"Withdraw Funds accID":"5dd52d2d77316"} [] []
[2019-11-20 12:38:01] accounts.INFO: {"Withdraw Funds accID":"5dd52d2d77316"} [] []
[2019-11-20 12:38:08] accounts.INFO: {"Display balance accID":"5dd52d2d77316"} [] []
[2019-11-20 12:38:11] accounts.INFO: {"Withdraw Funds accID":"5dd52d2d77316"} [] []
[2019-11-20 12:38:37] accounts.INFO: {"Display balance accID":"5dd52d2d77316"} [] []
[2019-11-20 12:39:57] accounts.INFO: {Application started} [] []
[2019-11-20 12:40:09] accounts.INFO: {Application started} [] []
[2019-11-20 12:40:13] accounts.INFO: {"account managing":"5dd52d2d77316"} [] []
[2019-11-20 12:40:15] accounts.INFO: {"Display balance accID":"5dd52d2d77316"} [] []
[2019-11-20 12:40:18] accounts.INFO: {"Deposit funds accID":"5dd52d2d77316"} [] []
[2019-11-20 12:40:25] accounts.INFO: {"Deposit funds accID":"5dd52d2d77316"} [] []
[2019-11-20 12:40:30] accounts.INFO: {"Withdraw Funds accID":"5dd52d2d77316"} [] []
[2019-11-20 12:42:45] accounts.INFO: {Application started} [] []
[2019-11-20 12:42:48] accounts.INFO: {"account managing":"5dd52d2d77316"} [] []
[2019-11-20 12:42:51] accounts.INFO: {"Display balance accID":"5dd52d2d77316"} [] []
[2019-11-20 12:42:54] accounts.INFO: {"Deposit funds accID":"5dd52d2d77316"} [] []
[2019-11-20 12:42:59] accounts.INFO: {"Deposit funds accID":"5dd52d2d77316"} [] []
[2019-11-20 12:43:07] accounts.INFO: {"Withdraw Funds accID":"5dd52d2d77316"} [] []
[2019-11-20 12:43:13] accounts.INFO: {"Withdraw Funds accID":"5dd52d2d77316"} [] []
[2019-11-20 12:43:17] accounts.INFO: {"Display balance accID":"5dd52d2d77316"} [] []
[2019-11-20 12:43:20] accounts.INFO: {"Withdraw Funds accID":"5dd52d2d77316"} [] []
[2019-11-20 17:04:29] accounts.INFO: {Application started} [] []
[2019-11-20 17:04:32] accounts.INFO: {"account managing":"5dd52d2d77316"} [] []
[2019-11-20 17:04:36] accounts.INFO: {"Display balance accID":"5dd52d2d77316"} [] []
[2019-11-20 17:04:44] accounts.INFO: {"Deposit funds accID":"5dd52d2d77316"} [] []
[2019-11-20 17:04:55] accounts.INFO: {"Deposit funds accID":"5dd52d2d77316"} [] []
[2019-11-20 17:04:59] accounts.INFO: {"Display balance accID":"5dd52d2d77316"} [] []
[2019-11-20 17:05:03] accounts.INFO: {"Withdraw Funds accID":"5dd52d2d77316"} [] []
[2019-11-20 17:05:10] accounts.INFO: {"Withdraw Funds accID":"5dd52d2d77316"} [] []
[2019-11-20 17:05:15] accounts.INFO: {"Withdraw Funds accID":"5dd52d2d77316"} [] []
[2019-11-20 17:05:27] accounts.INFO: {"Withdraw Funds accID":"5dd52d2d77316"} [] []
[2019-11-20 17:05:31] accounts.INFO: {"Withdraw Funds accID":"5dd52d2d77316"} [] []
[2019-11-20 17:05:34] accounts.INFO: {"Withdraw Funds accID":"5dd52d2d77316"} [] []
[2019-11-20 17:05:38] accounts.INFO: {"Display balance accID":"5dd52d2d77316"} [] []
[2019-11-20 17:05:43] accounts.INFO: {"Apply overdraft accID":"5dd52d2d77316"} [] []
[2019-11-20 17:05:50] accounts.INFO: {"Apply overdraft accID":"5dd52d2d77316"} [] []
[2019-11-20 17:05:57] accounts.INFO: {"Display balance accID":"5dd52d2d77316"} [] []
[2019-11-20 17:06:09] accounts.INFO: {"Withdraw Funds accID":"5dd52d2d77316"} [] []
[2019-11-20 17:06:20] accounts.INFO: {"Display balance accID":"5dd52d2d77316"} [] []
[2019-11-20 17:06:32] accounts.INFO: {"Withdraw Funds accID":"5dd52d2d77316"} [] []
[2019-11-20 17:06:39] accounts.INFO: {"Withdraw Funds accID":"5dd52d2d77316"} [] []
[2019-11-20 17:08:54] accounts.INFO: {Application started} [] []
[2019-11-20 17:08:58] accounts.INFO: {"account managing":"5dd52d2d77316"} [] []
[2019-11-20 17:09:00] accounts.INFO: {"Display balance accID":"5dd52d2d77316"} [] []
[2019-11-20 17:09:09] accounts.INFO: {"Deposit funds accID":"5dd52d2d77316"} [] []
[2019-11-20 17:09:19] accounts.INFO: {"Withdraw Funds accID":"5dd52d2d77316"} [] []
[2019-11-20 17:09:25] accounts.INFO: {"Display balance accID":"5dd52d2d77316"} [] []
[2019-11-20 17:28:09] accounts.INFO: {Application started} [] []
[2019-11-20 17:28:17] accounts.INFO: {"account managing":"5dd52d2d77316"} [] []
[2019-11-20 17:28:19] accounts.INFO: {"Display balance accID":"5dd52d2d77316"} [] []
[2019-11-20 18:09:29] accounts.INFO: {Application started} [] []
[2019-11-20 18:09:34] accounts.INFO: {"account managing":"5dd52d2d77316"} [] []
[2019-11-20 18:09:38] accounts.INFO: {"Display balance accID":"5dd52d2d77316"} [] []
[2019-11-20 18:30:16] accounts.INFO: {Application started} [] []
[2019-11-20 18:32:25] accounts.INFO: {Application started} [] []
[2019-11-20 18:32:33] accounts.INFO: {"closed account managing attempt":"4"} [] []
[2019-11-20 18:32:35] accounts.INFO: {"account managing":"5dd52d2d77316"} [] []
